2022/09/11 14:50:03	This log contains information about the import schema operation into project 'CarsDB' on computer 'LAPTOP-V5BRK3OO' by user 'abrie'.
2022/09/11 14:50:03	Import of database schema has started.
2022/09/11 14:50:08	Gathering database credentials
2022/09/11 14:50:08	Gathering database options
2022/09/11 14:50:08	Gathering generic database scoped configuration option
2022/09/11 14:50:08	Gathering users
2022/09/11 14:50:08	Gathering roles
2022/09/11 14:50:08	Gathering application roles
2022/09/11 14:50:08	Gathering role memberships
2022/09/11 14:50:08	Gathering filegroups
2022/09/11 14:50:08	Gathering full-text catalogs
2022/09/11 14:50:08	Gathering assemblies
2022/09/11 14:50:08	Gathering certificates
2022/09/11 14:50:08	Gathering asymmetric keys
2022/09/11 14:50:08	Gathering symmetric keys
2022/09/11 14:50:08	Gathering encrypted symmetric keys
2022/09/11 14:50:08	Gathering schemas
2022/09/11 14:50:08	Gathering XML schema collections
2022/09/11 14:50:08	Gathering user-defined data types
2022/09/11 14:50:08	Gathering user-defined types
2022/09/11 14:50:08	Gathering table types
2022/09/11 14:50:08	Gathering unique keys for table types
2022/09/11 14:50:08	Gathering primary keys for table types
2022/09/11 14:50:08	Gathering indexes for table types
2022/09/11 14:50:09	Gathering check constraints for table types
2022/09/11 14:50:09	Gathering default constraints for table types
2022/09/11 14:50:09	Gathering partition functions
2022/09/11 14:50:09	Gathering partition schemes
2022/09/11 14:50:09	Gathering functions
2022/09/11 14:50:09	Gathering encrypted functions
2022/09/11 14:50:09	Gathering aggregates
2022/09/11 14:50:09	Gathering procedures
2022/09/11 14:50:09	Gathering encrypted procedures
2022/09/11 14:50:09	Gathering tables
2022/09/11 14:50:09	Gathering primary keys
2022/09/11 14:50:09	Gathering unique constraints
2022/09/11 14:50:09	Gathering foreign keys
2022/09/11 14:50:09	Gathering default constraints
2022/09/11 14:50:09	Gathering check constraints
2022/09/11 14:50:09	Gathering views
2022/09/11 14:50:09	Gathering encrypted views
2022/09/11 14:50:09	Gathering indexes
2022/09/11 14:50:09	Gathering statistics
2022/09/11 14:50:09	Gathering full-text index stoplists
2022/09/11 14:50:09	Gathering search property lists
2022/09/11 14:50:09	Gathering search properties
2022/09/11 14:50:09	Gathering full-text indexes
2022/09/11 14:50:09	Gathering column store indexes
2022/09/11 14:50:09	Gathering spatial indexes
2022/09/11 14:50:09	Gathering XML indexes
2022/09/11 14:50:09	Gathering Selective XML indexes
2022/09/11 14:50:09	Gathering encrypted triggers
2022/09/11 14:50:09	Gathering triggers
2022/09/11 14:50:09	Gathering encrypted and clr ddl triggers
2022/09/11 14:50:09	Gathering ddl triggers
2022/09/11 14:50:09	Creating edge constraints
2022/09/11 14:50:09	Gathering synonyms
2022/09/11 14:50:09	Gathering defaults
2022/09/11 14:50:09	Gathering data constraint uddt bindings
2022/09/11 14:50:09	Gathering rules
2022/09/11 14:50:09	Gathering data constraint uddt bindings
2022/09/11 14:50:09	Gathering message types
2022/09/11 14:50:09	Gathering queues
2022/09/11 14:50:09	Gathering contracts
2022/09/11 14:50:09	Gathering services
2022/09/11 14:50:09	Gathering event notifications
2022/09/11 14:50:09	Gathering remote service bindings
2022/09/11 14:50:09	Gathering broker priorities
2022/09/11 14:50:09	Gathering signatures
2022/09/11 14:50:09	Gathering data compression options
2022/09/11 14:50:09	Gathering sequence types
2022/09/11 14:50:09	Gathering security policies
2022/09/11 14:50:09	Gather column encryption keys
2022/09/11 14:50:09	Gathering column master keys
2022/09/11 14:50:09	Gathering external data sources
2022/09/11 14:50:09	Gathering external file formats
2022/09/11 14:50:09	Gathering external tables
2022/09/11 14:50:09	Gathering extended properties
2022/09/11 14:50:09	Gathering assemblies
2022/09/11 14:50:09	Gathering credentials
2022/09/11 14:50:09	Gathering logins
2022/09/11 14:50:09	Gathering server audits
2022/09/11 14:50:09	Finished importing database.
2022/09/11 14:50:09	A summary of the import was saved to the following location: C:\Users\abrie\source\repos\CarsDB\CarsDB\Import Schema Logs\CarsDB_20220911125003.log
2022/09/11 14:50:09	Click Finish to continue...
